mode: set
/Users/alexkung/Work/Code/log/config.go:46.47,47.19 1 1
/Users/alexkung/Work/Code/log/config.go:48.19,50.42 2 1
/Users/alexkung/Work/Code/log/config.go:51.22,52.26 1 1
/Users/alexkung/Work/Code/log/config.go:53.10,54.45 1 1
/Users/alexkung/Work/Code/log/config.go:58.33,59.74 1 1
/Users/alexkung/Work/Code/log/config.go:62.2,62.33 1 1
/Users/alexkung/Work/Code/log/config.go:66.2,70.34 2 1
/Users/alexkung/Work/Code/log/config.go:77.2,77.18 1 1
/Users/alexkung/Work/Code/log/config.go:59.74,61.3 1 1
/Users/alexkung/Work/Code/log/config.go:62.33,65.3 2 1
/Users/alexkung/Work/Code/log/config.go:70.34,76.3 5 1
/Users/alexkung/Work/Code/log/config.go:80.36,81.35 1 1
/Users/alexkung/Work/Code/log/config.go:84.2,84.36 1 1
/Users/alexkung/Work/Code/log/config.go:87.2,87.36 1 1
/Users/alexkung/Work/Code/log/config.go:90.2,90.35 1 1
/Users/alexkung/Work/Code/log/config.go:81.35,83.3 1 1
/Users/alexkung/Work/Code/log/config.go:84.36,86.3 1 1
/Users/alexkung/Work/Code/log/config.go:87.36,89.3 1 1
/Users/alexkung/Work/Code/log/config.go:90.35,92.3 1 1
/Users/alexkung/Work/Code/log/config.go:95.44,98.66 3 1
/Users/alexkung/Work/Code/log/config.go:101.2,101.67 1 1
/Users/alexkung/Work/Code/log/config.go:104.2,104.67 1 1
/Users/alexkung/Work/Code/log/config.go:107.2,107.68 1 1
/Users/alexkung/Work/Code/log/config.go:110.2,110.30 1 1
/Users/alexkung/Work/Code/log/config.go:114.2,114.31 1 1
/Users/alexkung/Work/Code/log/config.go:118.2,118.31 1 1
/Users/alexkung/Work/Code/log/config.go:122.2,122.32 1 1
/Users/alexkung/Work/Code/log/config.go:126.2,129.14 4 1
/Users/alexkung/Work/Code/log/config.go:137.2,137.56 1 1
/Users/alexkung/Work/Code/log/config.go:98.66,100.3 1 1
/Users/alexkung/Work/Code/log/config.go:101.67,103.3 1 1
/Users/alexkung/Work/Code/log/config.go:104.67,106.3 1 1
/Users/alexkung/Work/Code/log/config.go:107.68,109.3 1 1
/Users/alexkung/Work/Code/log/config.go:110.30,112.3 1 1
/Users/alexkung/Work/Code/log/config.go:114.31,116.3 1 1
/Users/alexkung/Work/Code/log/config.go:118.31,120.3 1 1
/Users/alexkung/Work/Code/log/config.go:122.32,124.3 1 1
/Users/alexkung/Work/Code/log/config.go:129.14,136.3 1 1
/Users/alexkung/Work/Code/log/config.go:137.56,139.3 1 1
/Users/alexkung/Work/Code/log/config.go:142.41,144.15 2 1
/Users/alexkung/Work/Code/log/config.go:160.2,160.30 1 1
/Users/alexkung/Work/Code/log/config.go:145.33,146.27 1 1
/Users/alexkung/Work/Code/log/config.go:147.30,148.26 1 1
/Users/alexkung/Work/Code/log/config.go:149.30,150.26 1 1
/Users/alexkung/Work/Code/log/config.go:151.33,152.27 1 1
/Users/alexkung/Work/Code/log/config.go:153.33,154.27 1 0
/Users/alexkung/Work/Code/log/config.go:155.33,156.27 1 0
/Users/alexkung/Work/Code/log/config.go:157.10,158.26 1 0
/Users/alexkung/Work/Code/log/config.go:163.43,171.2 1 1
/Users/alexkung/Work/Code/log/config.go:173.43,181.2 1 1
/Users/alexkung/Work/Code/log/config.go:183.44,191.2 1 1
/Users/alexkung/Work/Code/log/config.go:193.44,201.2 1 1
/Users/alexkung/Work/Code/log/config.go:203.32,212.2 4 1
/Users/alexkung/Work/Code/log/config.go:214.54,229.2 1 1
/Users/alexkung/Work/Code/log/config.go:231.44,243.2 1 1
/Users/alexkung/Work/Code/log/export.go:8.45,10.2 1 1
/Users/alexkung/Work/Code/log/export.go:13.44,15.2 1 1
/Users/alexkung/Work/Code/log/export.go:18.44,20.2 1 0
/Users/alexkung/Work/Code/log/export.go:23.45,25.2 1 0
/Users/alexkung/Work/Code/log/export.go:28.45,30.2 1 1
/Users/alexkung/Work/Code/log/export.go:33.45,35.2 1 0
/Users/alexkung/Work/Code/log/export.go:37.31,39.2 1 1
/Users/alexkung/Work/Code/log/log.go:7.24,10.16 3 1
/Users/alexkung/Work/Code/log/log.go:13.2,14.15 2 1
/Users/alexkung/Work/Code/log/log.go:10.16,11.13 1 0
/Users/alexkung/Work/Code/log/log.go:17.41,19.16 2 1
/Users/alexkung/Work/Code/log/log.go:22.2,23.15 2 1
/Users/alexkung/Work/Code/log/log.go:19.16,20.13 1 0
/Users/alexkung/Work/Code/log/log.go:26.24,28.2 1 1
/Users/alexkung/Work/Code/log/log.go:30.27,32.2 1 1
